<?xml version="1.0" encoding="utf-8"?><testsuites name="pytest tests"><testsuite name="pytest" errors="0" failures="0" skipped="0" tests="6" time="4.266" timestamp="2026-06-18T09:17:45.800850+00:00" hostname="agent-env-f9f1a35f-8aed-4298-b93e-8563c5b42f70"><testcase classname="backend.tests.test_observatory_api" name="test_health" time="0.235" /><testcase classname="backend.tests.test_observatory_api" name="test_usage_latest_shape" time="0.048" /><testcase classname="backend.tests.test_observatory_api" name="test_usage_latest_live_drift" time="3.287" /><testcase classname="backend.tests.test_observatory_api" name="test_usage_history" time="0.068" /><testcase classname="backend.tests.test_observatory_api" name="test_projects" time="0.041" /><testcase classname="backend.tests.test_observatory_api" name="test_usage_ingest_then_reflect" time="0.343" /></testsuite></testsuites>